[2019-11-28 11:48:16.845] [exthost] [info] extension host started
[2019-11-28 11:48:16.982] [exthost] [info] ExtensionService#_doActivateExtension aaron-bond.better-comments {"startup":false,"extensionId":{"value":"aaron-bond.better-comments","_lower":"aaron-bond.better-comments"},"activationEvent":"onLanguage:plaintext"}
[2019-11-28 11:48:16.984] [exthost] [info] ExtensionService#loadCommonJSModule file:///home/vikranth/.vscode/extensions/aaron-bond.better-comments-2.0.5/out/extension
[2019-11-28 11:48:16.990] [exthost] [info] ExtensionService#_doActivateExtension vscode.debug-auto-launch {"startup":true,"extensionId":{"value":"vscode.debug-auto-launch","_lower":"vscode.debug-auto-launch"},"activationEvent":"*"}
[2019-11-28 11:48:16.990] [exthost] [info] ExtensionService#loadCommonJSModule file:///snap/code/18/usr/share/code/resources/app/extensions/debug-auto-launch/dist/extension
[2019-11-28 11:48:17.004] [exthost] [info] ExtensionService#_doActivateExtension vscode.emmet {"startup":true,"extensionId":{"value":"vscode.emmet","_lower":"vscode.emmet"},"activationEvent":"*"}
[2019-11-28 11:48:17.004] [exthost] [info] ExtensionService#loadCommonJSModule file:///snap/code/18/usr/share/code/resources/app/extensions/emmet/dist/extension
[2019-11-28 11:48:17.080] [exthost] [info] ExtensionService#_doActivateExtension vscode.git {"startup":true,"extensionId":{"value":"vscode.git","_lower":"vscode.git"},"activationEvent":"*"}
[2019-11-28 11:48:17.081] [exthost] [info] ExtensionService#loadCommonJSModule file:///snap/code/18/usr/share/code/resources/app/extensions/git/dist/main
[2019-11-28 11:48:17.361] [exthost] [info] ExtensionService#_doActivateExtension vscode.merge-conflict {"startup":true,"extensionId":{"value":"vscode.merge-conflict","_lower":"vscode.merge-conflict"},"activationEvent":"*"}
[2019-11-28 11:48:17.361] [exthost] [info] ExtensionService#loadCommonJSModule file:///snap/code/18/usr/share/code/resources/app/extensions/merge-conflict/dist/extension
[2019-11-28 11:48:17.379] [exthost] [info] ExtensionService#_doActivateExtension alefragnani.project-manager {"startup":true,"extensionId":{"value":"alefragnani.project-manager","_lower":"alefragnani.project-manager"},"activationEvent":"*"}
[2019-11-28 11:48:17.379] [exthost] [info] ExtensionService#loadCommonJSModule file:///home/vikranth/.vscode/extensions/alefragnani.project-manager-10.9.1/dist/extension
[2019-11-28 11:48:17.405] [exthost] [info] ExtensionService#_doActivateExtension christian-kohler.path-intellisense {"startup":true,"extensionId":{"value":"christian-kohler.path-intellisense","_lower":"christian-kohler.path-intellisense"},"activationEvent":"*"}
[2019-11-28 11:48:17.406] [exthost] [info] ExtensionService#loadCommonJSModule file:///home/vikranth/.vscode/extensions/christian-kohler.path-intellisense-1.4.2/out/src/extension
[2019-11-28 11:48:17.437] [exthost] [info] ExtensionService#_doActivateExtension CoenraadS.bracket-pair-colorizer {"startup":true,"extensionId":{"value":"CoenraadS.bracket-pair-colorizer","_lower":"coenraads.bracket-pair-colorizer"},"activationEvent":"*"}
[2019-11-28 11:48:17.438] [exthost] [info] ExtensionService#loadCommonJSModule file:///home/vikranth/.vscode/extensions/coenraads.bracket-pair-colorizer-1.0.61/out/src/extension
[2019-11-28 11:48:17.479] [exthost] [info] ExtensionService#_doActivateExtension eamodio.gitlens {"startup":true,"extensionId":{"value":"eamodio.gitlens","_lower":"eamodio.gitlens"},"activationEvent":"*"}
[2019-11-28 11:48:17.480] [exthost] [info] ExtensionService#loadCommonJSModule file:///home/vikranth/.vscode/extensions/eamodio.gitlens-10.2.0/dist/extension
[2019-11-28 11:48:17.743] [exthost] [info] ExtensionService#_doActivateExtension Equinusocio.vsc-material-theme {"startup":true,"extensionId":{"value":"Equinusocio.vsc-material-theme","_lower":"equinusocio.vsc-material-theme"},"activationEvent":"*"}
[2019-11-28 11:48:17.744] [exthost] [info] ExtensionService#loadCommonJSModule file:///home/vikranth/.vscode/extensions/equinusocio.vsc-material-theme-30.0.0/out/src/material.theme.config
[2019-11-28 11:48:17.760] [exthost] [info] ExtensionService#_doActivateExtension esbenp.prettier-vscode {"startup":true,"extensionId":{"value":"esbenp.prettier-vscode","_lower":"esbenp.prettier-vscode"},"activationEvent":"*"}
[2019-11-28 11:48:17.760] [exthost] [info] ExtensionService#loadCommonJSModule file:///home/vikranth/.vscode/extensions/esbenp.prettier-vscode-3.11.0/dist/extension
[2019-11-28 11:48:18.095] [exthost] [info] ExtensionService#_doActivateExtension formulahendry.auto-close-tag {"startup":true,"extensionId":{"value":"formulahendry.auto-close-tag","_lower":"formulahendry.auto-close-tag"},"activationEvent":"*"}
[2019-11-28 11:48:18.096] [exthost] [info] ExtensionService#loadCommonJSModule file:///home/vikranth/.vscode/extensions/formulahendry.auto-close-tag-0.5.6/out/src/extension
[2019-11-28 11:48:18.102] [exthost] [info] ExtensionService#_doActivateExtension formulahendry.auto-rename-tag {"startup":true,"extensionId":{"value":"formulahendry.auto-rename-tag","_lower":"formulahendry.auto-rename-tag"},"activationEvent":"*"}
[2019-11-28 11:48:18.102] [exthost] [info] ExtensionService#loadCommonJSModule file:///home/vikranth/.vscode/extensions/formulahendry.auto-rename-tag-0.1.1/out/src/extension
[2019-11-28 11:48:18.117] [exthost] [info] ExtensionService#_doActivateExtension Gruntfuggly.todo-tree {"startup":true,"extensionId":{"value":"Gruntfuggly.todo-tree","_lower":"gruntfuggly.todo-tree"},"activationEvent":"*"}
[2019-11-28 11:48:18.117] [exthost] [info] ExtensionService#loadCommonJSModule file:///home/vikranth/.vscode/extensions/gruntfuggly.todo-tree-0.0.162/extension
[2019-11-28 11:48:18.526] [exthost] [info] ExtensionService#_doActivateExtension ms-vsliveshare.vsliveshare {"startup":true,"extensionId":{"value":"ms-vsliveshare.vsliveshare","_lower":"ms-vsliveshare.vsliveshare"},"activationEvent":"*"}
[2019-11-28 11:48:18.526] [exthost] [info] ExtensionService#loadCommonJSModule file:///home/vikranth/.vscode/extensions/ms-vsliveshare.vsliveshare-1.0.1293/out/prod/extension-prod
[2019-11-28 11:48:19.138] [exthost] [info] ExtensionService#_doActivateExtension naumovs.color-highlight {"startup":true,"extensionId":{"value":"naumovs.color-highlight","_lower":"naumovs.color-highlight"},"activationEvent":"*"}
[2019-11-28 11:48:19.139] [exthost] [info] ExtensionService#loadCommonJSModule file:///home/vikranth/.vscode/extensions/naumovs.color-highlight-2.3.0/dist/extension
[2019-11-28 11:48:19.161] [exthost] [info] ExtensionService#_doActivateExtension oderwat.indent-rainbow {"startup":true,"extensionId":{"value":"oderwat.indent-rainbow","_lower":"oderwat.indent-rainbow"},"activationEvent":"*"}
[2019-11-28 11:48:19.161] [exthost] [info] ExtensionService#loadCommonJSModule file:///home/vikranth/.vscode/extensions/oderwat.indent-rainbow-7.4.0/out/extension
[2019-11-28 11:48:19.162] [exthost] [info] ExtensionService#_doActivateExtension PKief.material-icon-theme {"startup":true,"extensionId":{"value":"PKief.material-icon-theme","_lower":"pkief.material-icon-theme"},"activationEvent":"*"}
[2019-11-28 11:48:19.162] [exthost] [info] ExtensionService#loadCommonJSModule file:///home/vikranth/.vscode/extensions/pkief.material-icon-theme-3.9.2/dist/extension
[2019-11-28 11:48:19.188] [exthost] [info] ExtensionService#_doActivateExtension pranaygp.vscode-css-peek {"startup":true,"extensionId":{"value":"pranaygp.vscode-css-peek","_lower":"pranaygp.vscode-css-peek"},"activationEvent":"*"}
[2019-11-28 11:48:19.188] [exthost] [info] ExtensionService#loadCommonJSModule file:///home/vikranth/.vscode/extensions/pranaygp.vscode-css-peek-3.0.2/out/client/src/extension
[2019-11-28 11:48:19.221] [exthost] [info] ExtensionService#_doActivateExtension ritwickdey.LiveServer {"startup":true,"extensionId":{"value":"ritwickdey.LiveServer","_lower":"ritwickdey.liveserver"},"activationEvent":"*"}
[2019-11-28 11:48:19.221] [exthost] [info] ExtensionService#loadCommonJSModule file:///home/vikranth/.vscode/extensions/ritwickdey.liveserver-5.6.1/out/src/extension
[2019-11-28 11:48:19.468] [exthost] [info] ExtensionService#_doActivateExtension Shan.code-settings-sync {"startup":true,"extensionId":{"value":"Shan.code-settings-sync","_lower":"shan.code-settings-sync"},"activationEvent":"*"}
[2019-11-28 11:48:19.469] [exthost] [info] ExtensionService#loadCommonJSModule file:///home/vikranth/.vscode/extensions/shan.code-settings-sync-3.4.3/out/extension.js
[2019-11-28 11:48:19.596] [exthost] [info] ExtensionService#_doActivateExtension wayou.vscode-todo-highlight {"startup":true,"extensionId":{"value":"wayou.vscode-todo-highlight","_lower":"wayou.vscode-todo-highlight"},"activationEvent":"*"}
[2019-11-28 11:48:19.596] [exthost] [info] ExtensionService#loadCommonJSModule file:///home/vikranth/.vscode/extensions/wayou.vscode-todo-highlight-1.0.4/src/extension
[2019-11-28 11:48:19.598] [exthost] [info] ExtensionService#_doActivateExtension Zignd.html-css-class-completion {"startup":true,"extensionId":{"value":"Zignd.html-css-class-completion","_lower":"zignd.html-css-class-completion"},"activationEvent":"*"}
[2019-11-28 11:48:19.598] [exthost] [info] ExtensionService#loadCommonJSModule file:///home/vikranth/.vscode/extensions/zignd.html-css-class-completion-1.19.0/out/src/extension
[2019-11-28 11:48:19.849] [exthost] [info] eager extensions activated
[2019-11-28 11:48:22.330] [exthost] [info] ExtensionService#_doActivateExtension vscode.html-language-features {"startup":false,"extensionId":{"value":"vscode.html-language-features","_lower":"vscode.html-language-features"},"activationEvent":"onLanguage:html"}
[2019-11-28 11:48:22.330] [exthost] [info] ExtensionService#loadCommonJSModule file:///snap/code/18/usr/share/code/resources/app/extensions/html-language-features/client/dist/htmlMain
[2019-11-28 11:48:22.474] [exthost] [info] ExtensionService#_doActivateExtension ecmel.vscode-html-css {"startup":false,"extensionId":{"value":"ecmel.vscode-html-css","_lower":"ecmel.vscode-html-css"},"activationEvent":"onLanguage:html"}
[2019-11-28 11:48:22.474] [exthost] [info] ExtensionService#loadCommonJSModule file:///home/vikranth/.vscode/extensions/ecmel.vscode-html-css-0.2.3/dist/extension
[2019-11-28 11:49:17.592] [exthost] [info] extension host started
[2019-11-28 11:49:17.616] [exthost] [info] ExtensionService#_doActivateExtension aaron-bond.better-comments {"startup":false,"extensionId":{"value":"aaron-bond.better-comments","_lower":"aaron-bond.better-comments"},"activationEvent":"onLanguage:plaintext"}
[2019-11-28 11:49:17.616] [exthost] [info] ExtensionService#loadCommonJSModule file:///home/vikranth/.vscode/extensions/aaron-bond.better-comments-2.0.5/out/extension
[2019-11-28 11:49:17.620] [exthost] [info] ExtensionService#_doActivateExtension vscode.debug-auto-launch {"startup":true,"extensionId":{"value":"vscode.debug-auto-launch","_lower":"vscode.debug-auto-launch"},"activationEvent":"*"}
[2019-11-28 11:49:17.620] [exthost] [info] ExtensionService#loadCommonJSModule file:///snap/code/18/usr/share/code/resources/app/extensions/debug-auto-launch/dist/extension
[2019-11-28 11:49:17.626] [exthost] [info] ExtensionService#_doActivateExtension vscode.emmet {"startup":true,"extensionId":{"value":"vscode.emmet","_lower":"vscode.emmet"},"activationEvent":"*"}
[2019-11-28 11:49:17.626] [exthost] [info] ExtensionService#loadCommonJSModule file:///snap/code/18/usr/share/code/resources/app/extensions/emmet/dist/extension
[2019-11-28 11:49:17.656] [exthost] [info] ExtensionService#_doActivateExtension vscode.git {"startup":true,"extensionId":{"value":"vscode.git","_lower":"vscode.git"},"activationEvent":"*"}
[2019-11-28 11:49:17.656] [exthost] [info] ExtensionService#loadCommonJSModule file:///snap/code/18/usr/share/code/resources/app/extensions/git/dist/main
[2019-11-28 11:49:17.719] [exthost] [info] ExtensionService#_doActivateExtension vscode.merge-conflict {"startup":true,"extensionId":{"value":"vscode.merge-conflict","_lower":"vscode.merge-conflict"},"activationEvent":"*"}
[2019-11-28 11:49:17.719] [exthost] [info] ExtensionService#loadCommonJSModule file:///snap/code/18/usr/share/code/resources/app/extensions/merge-conflict/dist/extension
[2019-11-28 11:49:17.723] [exthost] [info] ExtensionService#_doActivateExtension alefragnani.project-manager {"startup":true,"extensionId":{"value":"alefragnani.project-manager","_lower":"alefragnani.project-manager"},"activationEvent":"*"}
[2019-11-28 11:49:17.723] [exthost] [info] ExtensionService#loadCommonJSModule file:///home/vikranth/.vscode/extensions/alefragnani.project-manager-10.9.1/dist/extension
[2019-11-28 11:49:17.729] [exthost] [info] ExtensionService#_doActivateExtension christian-kohler.path-intellisense {"startup":true,"extensionId":{"value":"christian-kohler.path-intellisense","_lower":"christian-kohler.path-intellisense"},"activationEvent":"*"}
[2019-11-28 11:49:17.729] [exthost] [info] ExtensionService#loadCommonJSModule file:///home/vikranth/.vscode/extensions/christian-kohler.path-intellisense-1.4.2/out/src/extension
[2019-11-28 11:49:17.737] [exthost] [info] ExtensionService#_doActivateExtension CoenraadS.bracket-pair-colorizer {"startup":true,"extensionId":{"value":"CoenraadS.bracket-pair-colorizer","_lower":"coenraads.bracket-pair-colorizer"},"activationEvent":"*"}
[2019-11-28 11:49:17.737] [exthost] [info] ExtensionService#loadCommonJSModule file:///home/vikranth/.vscode/extensions/coenraads.bracket-pair-colorizer-1.0.61/out/src/extension
[2019-11-28 11:49:17.751] [exthost] [info] ExtensionService#_doActivateExtension eamodio.gitlens {"startup":true,"extensionId":{"value":"eamodio.gitlens","_lower":"eamodio.gitlens"},"activationEvent":"*"}
[2019-11-28 11:49:17.751] [exthost] [info] ExtensionService#loadCommonJSModule file:///home/vikranth/.vscode/extensions/eamodio.gitlens-10.2.0/dist/extension
[2019-11-28 11:49:17.921] [exthost] [info] ExtensionService#_doActivateExtension Equinusocio.vsc-material-theme {"startup":true,"extensionId":{"value":"Equinusocio.vsc-material-theme","_lower":"equinusocio.vsc-material-theme"},"activationEvent":"*"}
[2019-11-28 11:49:17.921] [exthost] [info] ExtensionService#loadCommonJSModule file:///home/vikranth/.vscode/extensions/equinusocio.vsc-material-theme-30.0.0/out/src/material.theme.config
[2019-11-28 11:49:17.964] [exthost] [info] ExtensionService#_doActivateExtension esbenp.prettier-vscode {"startup":true,"extensionId":{"value":"esbenp.prettier-vscode","_lower":"esbenp.prettier-vscode"},"activationEvent":"*"}
[2019-11-28 11:49:17.964] [exthost] [info] ExtensionService#loadCommonJSModule file:///home/vikranth/.vscode/extensions/esbenp.prettier-vscode-3.11.0/dist/extension
[2019-11-28 11:49:18.116] [exthost] [info] ExtensionService#_doActivateExtension formulahendry.auto-close-tag {"startup":true,"extensionId":{"value":"formulahendry.auto-close-tag","_lower":"formulahendry.auto-close-tag"},"activationEvent":"*"}
[2019-11-28 11:49:18.116] [exthost] [info] ExtensionService#loadCommonJSModule file:///home/vikranth/.vscode/extensions/formulahendry.auto-close-tag-0.5.6/out/src/extension
[2019-11-28 11:49:18.117] [exthost] [info] ExtensionService#_doActivateExtension formulahendry.auto-rename-tag {"startup":true,"extensionId":{"value":"formulahendry.auto-rename-tag","_lower":"formulahendry.auto-rename-tag"},"activationEvent":"*"}
[2019-11-28 11:49:18.117] [exthost] [info] ExtensionService#loadCommonJSModule file:///home/vikranth/.vscode/extensions/formulahendry.auto-rename-tag-0.1.1/out/src/extension
[2019-11-28 11:49:18.118] [exthost] [info] ExtensionService#_doActivateExtension Gruntfuggly.todo-tree {"startup":true,"extensionId":{"value":"Gruntfuggly.todo-tree","_lower":"gruntfuggly.todo-tree"},"activationEvent":"*"}
[2019-11-28 11:49:18.118] [exthost] [info] ExtensionService#loadCommonJSModule file:///home/vikranth/.vscode/extensions/gruntfuggly.todo-tree-0.0.162/extension
[2019-11-28 11:49:18.347] [exthost] [info] ExtensionService#_doActivateExtension ms-vsliveshare.vsliveshare {"startup":true,"extensionId":{"value":"ms-vsliveshare.vsliveshare","_lower":"ms-vsliveshare.vsliveshare"},"activationEvent":"*"}
[2019-11-28 11:49:18.348] [exthost] [info] ExtensionService#loadCommonJSModule file:///home/vikranth/.vscode/extensions/ms-vsliveshare.vsliveshare-1.0.1293/out/prod/extension-prod
[2019-11-28 11:49:18.722] [exthost] [info] ExtensionService#_doActivateExtension naumovs.color-highlight {"startup":true,"extensionId":{"value":"naumovs.color-highlight","_lower":"naumovs.color-highlight"},"activationEvent":"*"}
[2019-11-28 11:49:18.722] [exthost] [info] ExtensionService#loadCommonJSModule file:///home/vikranth/.vscode/extensions/naumovs.color-highlight-2.3.0/dist/extension
[2019-11-28 11:49:18.744] [exthost] [info] ExtensionService#_doActivateExtension oderwat.indent-rainbow {"startup":true,"extensionId":{"value":"oderwat.indent-rainbow","_lower":"oderwat.indent-rainbow"},"activationEvent":"*"}
[2019-11-28 11:49:18.745] [exthost] [info] ExtensionService#loadCommonJSModule file:///home/vikranth/.vscode/extensions/oderwat.indent-rainbow-7.4.0/out/extension
[2019-11-28 11:49:18.745] [exthost] [info] ExtensionService#_doActivateExtension PKief.material-icon-theme {"startup":true,"extensionId":{"value":"PKief.material-icon-theme","_lower":"pkief.material-icon-theme"},"activationEvent":"*"}
[2019-11-28 11:49:18.746] [exthost] [info] ExtensionService#loadCommonJSModule file:///home/vikranth/.vscode/extensions/pkief.material-icon-theme-3.9.2/dist/extension
[2019-11-28 11:49:18.767] [exthost] [info] ExtensionService#_doActivateExtension pranaygp.vscode-css-peek {"startup":true,"extensionId":{"value":"pranaygp.vscode-css-peek","_lower":"pranaygp.vscode-css-peek"},"activationEvent":"*"}
[2019-11-28 11:49:18.767] [exthost] [info] ExtensionService#loadCommonJSModule file:///home/vikranth/.vscode/extensions/pranaygp.vscode-css-peek-3.0.2/out/client/src/extension
[2019-11-28 11:49:18.797] [exthost] [info] ExtensionService#_doActivateExtension ritwickdey.LiveServer {"startup":true,"extensionId":{"value":"ritwickdey.LiveServer","_lower":"ritwickdey.liveserver"},"activationEvent":"*"}
[2019-11-28 11:49:18.798] [exthost] [info] ExtensionService#loadCommonJSModule file:///home/vikranth/.vscode/extensions/ritwickdey.liveserver-5.6.1/out/src/extension
[2019-11-28 11:49:19.015] [exthost] [info] ExtensionService#_doActivateExtension Shan.code-settings-sync {"startup":true,"extensionId":{"value":"Shan.code-settings-sync","_lower":"shan.code-settings-sync"},"activationEvent":"*"}
[2019-11-28 11:49:19.015] [exthost] [info] ExtensionService#loadCommonJSModule file:///home/vikranth/.vscode/extensions/shan.code-settings-sync-3.4.3/out/extension.js
[2019-11-28 11:49:19.146] [exthost] [info] ExtensionService#_doActivateExtension wayou.vscode-todo-highlight {"startup":true,"extensionId":{"value":"wayou.vscode-todo-highlight","_lower":"wayou.vscode-todo-highlight"},"activationEvent":"*"}
[2019-11-28 11:49:19.146] [exthost] [info] ExtensionService#loadCommonJSModule file:///home/vikranth/.vscode/extensions/wayou.vscode-todo-highlight-1.0.4/src/extension
[2019-11-28 11:49:19.148] [exthost] [info] ExtensionService#_doActivateExtension Zignd.html-css-class-completion {"startup":true,"extensionId":{"value":"Zignd.html-css-class-completion","_lower":"zignd.html-css-class-completion"},"activationEvent":"*"}
[2019-11-28 11:49:19.148] [exthost] [info] ExtensionService#loadCommonJSModule file:///home/vikranth/.vscode/extensions/zignd.html-css-class-completion-1.19.0/out/src/extension
[2019-11-28 11:49:19.469] [exthost] [info] ExtensionService#_doActivateExtension vscode.npm {"startup":true,"extensionId":{"value":"vscode.npm","_lower":"vscode.npm"},"activationEvent":"workspaceContains:package.json"}
[2019-11-28 11:49:19.469] [exthost] [info] ExtensionService#loadCommonJSModule file:///snap/code/18/usr/share/code/resources/app/extensions/npm/dist/main
[2019-11-28 11:49:19.492] [exthost] [info] ExtensionService#_doActivateExtension yzhang.markdown-all-in-one {"startup":true,"extensionId":{"value":"yzhang.markdown-all-in-one","_lower":"yzhang.markdown-all-in-one"},"activationEvent":"workspaceContains:README.md"}
[2019-11-28 11:49:19.492] [exthost] [info] ExtensionService#loadCommonJSModule file:///home/vikranth/.vscode/extensions/yzhang.markdown-all-in-one-2.5.1/dist/extension
[2019-11-28 11:49:20.285] [exthost] [info] eager extensions activated
